[2024-04-17 19:59:00] local.ERROR: Cannot write to directory "/storage/app/public/" {"exception":"[object] (InvalidArgumentException(code: 0): Cannot write to directory \"/storage/app/public/\" at /home/haseeb/What Else/AdminPanel/vendor/fakerphp/faker/src/Faker/Provider/Image.php:129)
[stacktrace]
#0 [internal function]: Faker\\Provider\\Image::image()
#1 /home/haseeb/What Else/AdminPanel/vendor/fakerphp/faker/src/Faker/Generator.php(708): call_user_func_array()
#2 /home/haseeb/What Else/AdminPanel/vendor/fakerphp/faker/src/Faker/Generator.php(973): Faker\\Generator->format()
#3 /home/haseeb/What Else/AdminPanel/database/factories/ProductFactory.php(27): Faker\\Generator->__call()
#4 /home/haseeb/What Else/AdminPanel/vendor/laravel/framework/src/Illuminate/Database/Eloquent/Factories/Factory.php(454): Database\\Factories\\ProductFactory->definition()
#5 /home/haseeb/What Else/AdminPanel/vendor/laravel/framework/src/Illuminate/Database/Eloquent/Factories/Factory.php(433): Illuminate\\Database\\Eloquent\\Factories\\Factory->getRawAttributes()
#6 /home/haseeb/What Else/AdminPanel/vendor/laravel/framework/src/Illuminate/Database/Eloquent/Factories/Factory.php(417): Illuminate\\Database\\Eloquent\\Factories\\Factory->getExpandedAttributes()
#7 /home/haseeb/What Else/AdminPanel/vendor/laravel/framework/src/Illuminate/Database/Eloquent/Concerns/GuardsAttributes.php(149): Illuminate\\Database\\Eloquent\\Factories\\Factory->Illuminate\\Database\\Eloquent\\Factories\\{closure}()
#8 /home/haseeb/What Else/AdminPanel/vendor/laravel/framework/src/Illuminate/Database/Eloquent/Factories/Factory.php(416): Illuminate\\Database\\Eloquent\\Model::unguarded()
#9 /home/haseeb/What Else/AdminPanel/vendor/laravel/framework/src/Illuminate/Database/Eloquent/Factories/Factory.php(400): Illuminate\\Database\\Eloquent\\Factories\\Factory->makeInstance()
#10 [internal function]: Illuminate\\Database\\Eloquent\\Factories\\Factory->Illuminate\\Database\\Eloquent\\Factories\\{closure}()
#11 /home/haseeb/What Else/AdminPanel/vendor/laravel/framework/src/Illuminate/Database/Eloquent/Factories/Factory.php(399): array_map()
#12 /home/haseeb/What Else/AdminPanel/vendor/laravel/framework/src/Illuminate/Database/Eloquent/Factories/Factory.php(284): Illuminate\\Database\\Eloquent\\Factories\\Factory->make()
#13 /home/haseeb/What Else/AdminPanel/database/seeders/DatabaseSeeder.php(20): Illuminate\\Database\\Eloquent\\Factories\\Factory->create()
#14 /home/haseeb/What Else/AdminPanel/vendor/laravel/framework/src/Illuminate/Container/BoundMethod.php(36): Database\\Seeders\\DatabaseSeeder->run()
#15 /home/haseeb/What Else/AdminPanel/vendor/laravel/framework/src/Illuminate/Container/Util.php(41): Illuminate\\Container\\BoundMethod::Illuminate\\Container\\{closure}()
#16 /home/haseeb/What Else/AdminPanel/vendor/laravel/framework/src/Illuminate/Container/BoundMethod.php(93): Illuminate\\Container\\Util::unwrapIfClosure()
#17 /home/haseeb/What Else/AdminPanel/vendor/laravel/framework/src/Illuminate/Container/BoundMethod.php(35): Illuminate\\Container\\BoundMethod::callBoundMethod()
#18 /home/haseeb/What Else/AdminPanel/vendor/laravel/framework/src/Illuminate/Container/Container.php(662): Illuminate\\Container\\BoundMethod::call()
#19 /home/haseeb/What Else/AdminPanel/vendor/laravel/framework/src/Illuminate/Database/Seeder.php(184): Illuminate\\Container\\Container->call()
#20 /home/haseeb/What Else/AdminPanel/vendor/laravel/framework/src/Illuminate/Database/Seeder.php(193): Illuminate\\Database\\Seeder->Illuminate\\Database\\{closure}()
#21 /home/haseeb/What Else/AdminPanel/vendor/laravel/framework/src/Illuminate/Database/Console/Seeds/SeedCommand.php(70): Illuminate\\Database\\Seeder->__invoke()
#22 /home/haseeb/What Else/AdminPanel/vendor/laravel/framework/src/Illuminate/Database/Eloquent/Concerns/GuardsAttributes.php(155): Illuminate\\Database\\Console\\Seeds\\SeedCommand->Illuminate\\Database\\Console\\Seeds\\{closure}()
#23 /home/haseeb/What Else/AdminPanel/vendor/laravel/framework/src/Illuminate/Database/Console/Seeds/SeedCommand.php(69): Illuminate\\Database\\Eloquent\\Model::unguarded()
#24 /home/haseeb/What Else/AdminPanel/vendor/laravel/framework/src/Illuminate/Container/BoundMethod.php(36): Illuminate\\Database\\Console\\Seeds\\SeedCommand->handle()
#25 /home/haseeb/What Else/AdminPanel/vendor/laravel/framework/src/Illuminate/Container/Util.php(41): Illuminate\\Container\\BoundMethod::Illuminate\\Container\\{closure}()
#26 /home/haseeb/What Else/AdminPanel/vendor/laravel/framework/src/Illuminate/Container/BoundMethod.php(93): Illuminate\\Container\\Util::unwrapIfClosure()
#27 /home/haseeb/What Else/AdminPanel/vendor/laravel/framework/src/Illuminate/Container/BoundMethod.php(35): Illuminate\\Container\\BoundMethod::callBoundMethod()
#28 /home/haseeb/What Else/AdminPanel/vendor/laravel/framework/src/Illuminate/Container/Container.php(662): Illuminate\\Container\\BoundMethod::call()
#29 /home/haseeb/What Else/AdminPanel/vendor/laravel/framework/src/Illuminate/Console/Command.php(212): Illuminate\\Container\\Container->call()
#30 /home/haseeb/What Else/AdminPanel/vendor/symfony/console/Command/Command.php(279): Illuminate\\Console\\Command->execute()
#31 /home/haseeb/What Else/AdminPanel/vendor/laravel/framework/src/Illuminate/Console/Command.php(181): Symfony\\Component\\Console\\Command\\Command->run()
#32 /home/haseeb/What Else/AdminPanel/vendor/symfony/console/Application.php(1049): Illuminate\\Console\\Command->run()
#33 /home/haseeb/What Else/AdminPanel/vendor/symfony/console/Application.php(318): Symfony\\Component\\Console\\Application->doRunCommand()
#34 /home/haseeb/What Else/AdminPanel/vendor/symfony/console/Application.php(169): Symfony\\Component\\Console\\Application->doRun()
#35 /home/haseeb/What Else/AdminPanel/vendor/laravel/framework/src/Illuminate/Foundation/Console/Kernel.php(196): Symfony\\Component\\Console\\Application->run()
#36 /home/haseeb/What Else/AdminPanel/vendor/laravel/framework/src/Illuminate/Foundation/Application.php(1183): Illuminate\\Foundation\\Console\\Kernel->handle()
#37 /home/haseeb/What Else/AdminPanel/artisan(13): Illuminate\\Foundation\\Application->handleCommand()
#38 {main}
"} 
[2024-04-17 19:59:39] local.ERROR: Cannot write to directory "/storage/app/public/" {"exception":"[object] (InvalidArgumentException(code: 0): Cannot write to directory \"/storage/app/public/\" at /home/haseeb/What Else/AdminPanel/vendor/fakerphp/faker/src/Faker/Provider/Image.php:129)
[stacktrace]
#0 [internal function]: Faker\\Provider\\Image::image()
#1 /home/haseeb/What Else/AdminPanel/vendor/fakerphp/faker/src/Faker/Generator.php(708): call_user_func_array()
#2 /home/haseeb/What Else/AdminPanel/vendor/fakerphp/faker/src/Faker/Generator.php(973): Faker\\Generator->format()
#3 /home/haseeb/What Else/AdminPanel/database/factories/ProductFactory.php(27): Faker\\Generator->__call()
#4 /home/haseeb/What Else/AdminPanel/vendor/laravel/framework/src/Illuminate/Database/Eloquent/Factories/Factory.php(454): Database\\Factories\\ProductFactory->definition()
#5 /home/haseeb/What Else/AdminPanel/vendor/laravel/framework/src/Illuminate/Database/Eloquent/Factories/Factory.php(433): Illuminate\\Database\\Eloquent\\Factories\\Factory->getRawAttributes()
#6 /home/haseeb/What Else/AdminPanel/vendor/laravel/framework/src/Illuminate/Database/Eloquent/Factories/Factory.php(417): Illuminate\\Database\\Eloquent\\Factories\\Factory->getExpandedAttributes()
#7 /home/haseeb/What Else/AdminPanel/vendor/laravel/framework/src/Illuminate/Database/Eloquent/Concerns/GuardsAttributes.php(149): Illuminate\\Database\\Eloquent\\Factories\\Factory->Illuminate\\Database\\Eloquent\\Factories\\{closure}()
#8 /home/haseeb/What Else/AdminPanel/vendor/laravel/framework/src/Illuminate/Database/Eloquent/Factories/Factory.php(416): Illuminate\\Database\\Eloquent\\Model::unguarded()
#9 /home/haseeb/What Else/AdminPanel/vendor/laravel/framework/src/Illuminate/Database/Eloquent/Factories/Factory.php(400): Illuminate\\Database\\Eloquent\\Factories\\Factory->makeInstance()
#10 [internal function]: Illuminate\\Database\\Eloquent\\Factories\\Factory->Illuminate\\Database\\Eloquent\\Factories\\{closure}()
#11 /home/haseeb/What Else/AdminPanel/vendor/laravel/framework/src/Illuminate/Database/Eloquent/Factories/Factory.php(399): array_map()
#12 /home/haseeb/What Else/AdminPanel/vendor/laravel/framework/src/Illuminate/Database/Eloquent/Factories/Factory.php(284): Illuminate\\Database\\Eloquent\\Factories\\Factory->make()
#13 /home/haseeb/What Else/AdminPanel/database/seeders/DatabaseSeeder.php(20): Illuminate\\Database\\Eloquent\\Factories\\Factory->create()
#14 /home/haseeb/What Else/AdminPanel/vendor/laravel/framework/src/Illuminate/Container/BoundMethod.php(36): Database\\Seeders\\DatabaseSeeder->run()
#15 /home/haseeb/What Else/AdminPanel/vendor/laravel/framework/src/Illuminate/Container/Util.php(41): Illuminate\\Container\\BoundMethod::Illuminate\\Container\\{closure}()
#16 /home/haseeb/What Else/AdminPanel/vendor/laravel/framework/src/Illuminate/Container/BoundMethod.php(93): Illuminate\\Container\\Util::unwrapIfClosure()
#17 /home/haseeb/What Else/AdminPanel/vendor/laravel/framework/src/Illuminate/Container/BoundMethod.php(35): Illuminate\\Container\\BoundMethod::callBoundMethod()
#18 /home/haseeb/What Else/AdminPanel/vendor/laravel/framework/src/Illuminate/Container/Container.php(662): Illuminate\\Container\\BoundMethod::call()
#19 /home/haseeb/What Else/AdminPanel/vendor/laravel/framework/src/Illuminate/Database/Seeder.php(184): Illuminate\\Container\\Container->call()
#20 /home/haseeb/What Else/AdminPanel/vendor/laravel/framework/src/Illuminate/Database/Seeder.php(193): Illuminate\\Database\\Seeder->Illuminate\\Database\\{closure}()
#21 /home/haseeb/What Else/AdminPanel/vendor/laravel/framework/src/Illuminate/Database/Console/Seeds/SeedCommand.php(70): Illuminate\\Database\\Seeder->__invoke()
#22 /home/haseeb/What Else/AdminPanel/vendor/laravel/framework/src/Illuminate/Database/Eloquent/Concerns/GuardsAttributes.php(155): Illuminate\\Database\\Console\\Seeds\\SeedCommand->Illuminate\\Database\\Console\\Seeds\\{closure}()
#23 /home/haseeb/What Else/AdminPanel/vendor/laravel/framework/src/Illuminate/Database/Console/Seeds/SeedCommand.php(69): Illuminate\\Database\\Eloquent\\Model::unguarded()
#24 /home/haseeb/What Else/AdminPanel/vendor/laravel/framework/src/Illuminate/Container/BoundMethod.php(36): Illuminate\\Database\\Console\\Seeds\\SeedCommand->handle()
#25 /home/haseeb/What Else/AdminPanel/vendor/laravel/framework/src/Illuminate/Container/Util.php(41): Illuminate\\Container\\BoundMethod::Illuminate\\Container\\{closure}()
#26 /home/haseeb/What Else/AdminPanel/vendor/laravel/framework/src/Illuminate/Container/BoundMethod.php(93): Illuminate\\Container\\Util::unwrapIfClosure()
#27 /home/haseeb/What Else/AdminPanel/vendor/laravel/framework/src/Illuminate/Container/BoundMethod.php(35): Illuminate\\Container\\BoundMethod::callBoundMethod()
#28 /home/haseeb/What Else/AdminPanel/vendor/laravel/framework/src/Illuminate/Container/Container.php(662): Illuminate\\Container\\BoundMethod::call()
#29 /home/haseeb/What Else/AdminPanel/vendor/laravel/framework/src/Illuminate/Console/Command.php(212): Illuminate\\Container\\Container->call()
#30 /home/haseeb/What Else/AdminPanel/vendor/symfony/console/Command/Command.php(279): Illuminate\\Console\\Command->execute()
#31 /home/haseeb/What Else/AdminPanel/vendor/laravel/framework/src/Illuminate/Console/Command.php(181): Symfony\\Component\\Console\\Command\\Command->run()
#32 /home/haseeb/What Else/AdminPanel/vendor/symfony/console/Application.php(1049): Illuminate\\Console\\Command->run()
#33 /home/haseeb/What Else/AdminPanel/vendor/symfony/console/Application.php(318): Symfony\\Component\\Console\\Application->doRunCommand()
#34 /home/haseeb/What Else/AdminPanel/vendor/symfony/console/Application.php(169): Symfony\\Component\\Console\\Application->doRun()
#35 /home/haseeb/What Else/AdminPanel/vendor/laravel/framework/src/Illuminate/Foundation/Console/Kernel.php(196): Symfony\\Component\\Console\\Application->run()
#36 /home/haseeb/What Else/AdminPanel/vendor/laravel/framework/src/Illuminate/Foundation/Application.php(1183): Illuminate\\Foundation\\Console\\Kernel->handle()
#37 /home/haseeb/What Else/AdminPanel/artisan(13): Illuminate\\Foundation\\Application->handleCommand()
#38 {main}
"} 
[2024-04-17 20:02:19] local.ERROR: SQLSTATE[23000]: Integrity constraint violation: 1062 Duplicate entry 'h@h.com' for key 'users_email_unique' (Connection: mysql, SQL: insert into `users` (`name`, `email`, `email_verified_at`, `password`, `remember_token`, `updated_at`, `created_at`) values (Haseeb, h@h.com, 2024-04-17 20:02:19, $2y$12$nproFzJIG2/QB7u1gyRKQ.pI297liWu/XQiTJWTikwN.bc.RB8MB2, vVbpGmonIO, 2024-04-17 20:02:19, 2024-04-17 20:02:19)) {"exception":"[object] (Illuminate\\Database\\UniqueConstraintViolationException(code: 23000): SQLSTATE[23000]: Integrity constraint violation: 1062 Duplicate entry 'h@h.com' for key 'users_email_unique' (Connection: mysql, SQL: insert into `users` (`name`, `email`, `email_verified_at`, `password`, `remember_token`, `updated_at`, `created_at`) values (Haseeb, h@h.com, 2024-04-17 20:02:19, $2y$12$nproFzJIG2/QB7u1gyRKQ.pI297liWu/XQiTJWTikwN.bc.RB8MB2, vVbpGmonIO, 2024-04-17 20:02:19, 2024-04-17 20:02:19)) at /home/haseeb/What Else/AdminPanel/vendor/laravel/framework/src/Illuminate/Database/Connection.php:808)
[stacktrace]
#0 /home/haseeb/What Else/AdminPanel/vendor/laravel/framework/src/Illuminate/Database/Connection.php(767): Illuminate\\Database\\Connection->runQueryCallback()
#1 /home/haseeb/What Else/AdminPanel/vendor/laravel/framework/src/Illuminate/Database/Connection.php(560): Illuminate\\Database\\Connection->run()
#2 /home/haseeb/What Else/AdminPanel/vendor/laravel/framework/src/Illuminate/Database/Connection.php(524): Illuminate\\Database\\Connection->statement()
#3 /home/haseeb/What Else/AdminPanel/vendor/laravel/framework/src/Illuminate/Database/Query/Processors/Processor.php(32): Illuminate\\Database\\Connection->insert()
#4 /home/haseeb/What Else/AdminPanel/vendor/laravel/framework/src/Illuminate/Database/Query/Builder.php(3560): Illuminate\\Database\\Query\\Processors\\Processor->processInsertGetId()
#5 /home/haseeb/What Else/AdminPanel/vendor/laravel/framework/src/Illuminate/Database/Eloquent/Builder.php(1971): Illuminate\\Database\\Query\\Builder->insertGetId()
#6 /home/haseeb/What Else/AdminPanel/vendor/laravel/framework/src/Illuminate/Database/Eloquent/Model.php(1338): Illuminate\\Database\\Eloquent\\Builder->__call()
#7 /home/haseeb/What Else/AdminPanel/vendor/laravel/framework/src/Illuminate/Database/Eloquent/Model.php(1303): Illuminate\\Database\\Eloquent\\Model->insertAndSetId()
#8 /home/haseeb/What Else/AdminPanel/vendor/laravel/framework/src/Illuminate/Database/Eloquent/Model.php(1142): Illuminate\\Database\\Eloquent\\Model->performInsert()
#9 /home/haseeb/What Else/AdminPanel/vendor/laravel/framework/src/Illuminate/Database/Eloquent/Factories/Factory.php(338): Illuminate\\Database\\Eloquent\\Model->save()
#10 /home/haseeb/What Else/AdminPanel/vendor/laravel/framework/src/Illuminate/Collections/Traits/EnumeratesValues.php(236): Illuminate\\Database\\Eloquent\\Factories\\Factory->Illuminate\\Database\\Eloquent\\Factories\\{closure}()
#11 /home/haseeb/What Else/AdminPanel/vendor/laravel/framework/src/Illuminate/Database/Eloquent/Factories/Factory.php(333): Illuminate\\Support\\Collection->each()
#12 /home/haseeb/What Else/AdminPanel/vendor/laravel/framework/src/Illuminate/Database/Eloquent/Factories/Factory.php(287): Illuminate\\Database\\Eloquent\\Factories\\Factory->store()
#13 /home/haseeb/What Else/AdminPanel/vendor/laravel/framework/src/Illuminate/Database/Eloquent/Factories/Factory.php(281): Illuminate\\Database\\Eloquent\\Factories\\Factory->create()
#14 /home/haseeb/What Else/AdminPanel/database/seeders/DatabaseSeeder.php(21): Illuminate\\Database\\Eloquent\\Factories\\Factory->create()
#15 /home/haseeb/What Else/AdminPanel/vendor/laravel/framework/src/Illuminate/Container/BoundMethod.php(36): Database\\Seeders\\DatabaseSeeder->run()
#16 /home/haseeb/What Else/AdminPanel/vendor/laravel/framework/src/Illuminate/Container/Util.php(41): Illuminate\\Container\\BoundMethod::Illuminate\\Container\\{closure}()
#17 /home/haseeb/What Else/AdminPanel/vendor/laravel/framework/src/Illuminate/Container/BoundMethod.php(93): Illuminate\\Container\\Util::unwrapIfClosure()
#18 /home/haseeb/What Else/AdminPanel/vendor/laravel/framework/src/Illuminate/Container/BoundMethod.php(35): Illuminate\\Container\\BoundMethod::callBoundMethod()
#19 /home/haseeb/What Else/AdminPanel/vendor/laravel/framework/src/Illuminate/Container/Container.php(662): Illuminate\\Container\\BoundMethod::call()
#20 /home/haseeb/What Else/AdminPanel/vendor/laravel/framework/src/Illuminate/Database/Seeder.php(184): Illuminate\\Container\\Container->call()
#21 /home/haseeb/What Else/AdminPanel/vendor/laravel/framework/src/Illuminate/Database/Seeder.php(193): Illuminate\\Database\\Seeder->Illuminate\\Database\\{closure}()
#22 /home/haseeb/What Else/AdminPanel/vendor/laravel/framework/src/Illuminate/Database/Console/Seeds/SeedCommand.php(70): Illuminate\\Database\\Seeder->__invoke()
#23 /home/haseeb/What Else/AdminPanel/vendor/laravel/framework/src/Illuminate/Database/Eloquent/Concerns/GuardsAttributes.php(155): Illuminate\\Database\\Console\\Seeds\\SeedCommand->Illuminate\\Database\\Console\\Seeds\\{closure}()
#24 /home/haseeb/What Else/AdminPanel/vendor/laravel/framework/src/Illuminate/Database/Console/Seeds/SeedCommand.php(69): Illuminate\\Database\\Eloquent\\Model::unguarded()
#25 /home/haseeb/What Else/AdminPanel/vendor/laravel/framework/src/Illuminate/Container/BoundMethod.php(36): Illuminate\\Database\\Console\\Seeds\\SeedCommand->handle()
#26 /home/haseeb/What Else/AdminPanel/vendor/laravel/framework/src/Illuminate/Container/Util.php(41): Illuminate\\Container\\BoundMethod::Illuminate\\Container\\{closure}()
#27 /home/haseeb/What Else/AdminPanel/vendor/laravel/framework/src/Illuminate/Container/BoundMethod.php(93): Illuminate\\Container\\Util::unwrapIfClosure()
#28 /home/haseeb/What Else/AdminPanel/vendor/laravel/framework/src/Illuminate/Container/BoundMethod.php(35): Illuminate\\Container\\BoundMethod::callBoundMethod()
#29 /home/haseeb/What Else/AdminPanel/vendor/laravel/framework/src/Illuminate/Container/Container.php(662): Illuminate\\Container\\BoundMethod::call()
#30 /home/haseeb/What Else/AdminPanel/vendor/laravel/framework/src/Illuminate/Console/Command.php(212): Illuminate\\Container\\Container->call()
#31 /home/haseeb/What Else/AdminPanel/vendor/symfony/console/Command/Command.php(279): Illuminate\\Console\\Command->execute()
#32 /home/haseeb/What Else/AdminPanel/vendor/laravel/framework/src/Illuminate/Console/Command.php(181): Symfony\\Component\\Console\\Command\\Command->run()
#33 /home/haseeb/What Else/AdminPanel/vendor/symfony/console/Application.php(1049): Illuminate\\Console\\Command->run()
#34 /home/haseeb/What Else/AdminPanel/vendor/symfony/console/Application.php(318): Symfony\\Component\\Console\\Application->doRunCommand()
#35 /home/haseeb/What Else/AdminPanel/vendor/symfony/console/Application.php(169): Symfony\\Component\\Console\\Application->doRun()
#36 /home/haseeb/What Else/AdminPanel/vendor/laravel/framework/src/Illuminate/Foundation/Console/Kernel.php(196): Symfony\\Component\\Console\\Application->run()
#37 /home/haseeb/What Else/AdminPanel/vendor/laravel/framework/src/Illuminate/Foundation/Application.php(1183): Illuminate\\Foundation\\Console\\Kernel->handle()
#38 /home/haseeb/What Else/AdminPanel/artisan(13): Illuminate\\Foundation\\Application->handleCommand()
#39 {main}

[previous exception] [object] (PDOException(code: 23000): SQLSTATE[23000]: Integrity constraint violation: 1062 Duplicate entry 'h@h.com' for key 'users_email_unique' at /home/haseeb/What Else/AdminPanel/vendor/laravel/framework/src/Illuminate/Database/Connection.php:571)
[stacktrace]
#0 /home/haseeb/What Else/AdminPanel/vendor/laravel/framework/src/Illuminate/Database/Connection.php(571): PDOStatement->execute()
#1 /home/haseeb/What Else/AdminPanel/vendor/laravel/framework/src/Illuminate/Database/Connection.php(800): Illuminate\\Database\\Connection->Illuminate\\Database\\{closure}()
#2 /home/haseeb/What Else/AdminPanel/vendor/laravel/framework/src/Illuminate/Database/Connection.php(767): Illuminate\\Database\\Connection->runQueryCallback()
#3 /home/haseeb/What Else/AdminPanel/vendor/laravel/framework/src/Illuminate/Database/Connection.php(560): Illuminate\\Database\\Connection->run()
#4 /home/haseeb/What Else/AdminPanel/vendor/laravel/framework/src/Illuminate/Database/Connection.php(524): Illuminate\\Database\\Connection->statement()
#5 /home/haseeb/What Else/AdminPanel/vendor/laravel/framework/src/Illuminate/Database/Query/Processors/Processor.php(32): Illuminate\\Database\\Connection->insert()
#6 /home/haseeb/What Else/AdminPanel/vendor/laravel/framework/src/Illuminate/Database/Query/Builder.php(3560): Illuminate\\Database\\Query\\Processors\\Processor->processInsertGetId()
#7 /home/haseeb/What Else/AdminPanel/vendor/laravel/framework/src/Illuminate/Database/Eloquent/Builder.php(1971): Illuminate\\Database\\Query\\Builder->insertGetId()
#8 /home/haseeb/What Else/AdminPanel/vendor/laravel/framework/src/Illuminate/Database/Eloquent/Model.php(1338): Illuminate\\Database\\Eloquent\\Builder->__call()
#9 /home/haseeb/What Else/AdminPanel/vendor/laravel/framework/src/Illuminate/Database/Eloquent/Model.php(1303): Illuminate\\Database\\Eloquent\\Model->insertAndSetId()
#10 /home/haseeb/What Else/AdminPanel/vendor/laravel/framework/src/Illuminate/Database/Eloquent/Model.php(1142): Illuminate\\Database\\Eloquent\\Model->performInsert()
#11 /home/haseeb/What Else/AdminPanel/vendor/laravel/framework/src/Illuminate/Database/Eloquent/Factories/Factory.php(338): Illuminate\\Database\\Eloquent\\Model->save()
#12 /home/haseeb/What Else/AdminPanel/vendor/laravel/framework/src/Illuminate/Collections/Traits/EnumeratesValues.php(236): Illuminate\\Database\\Eloquent\\Factories\\Factory->Illuminate\\Database\\Eloquent\\Factories\\{closure}()
#13 /home/haseeb/What Else/AdminPanel/vendor/laravel/framework/src/Illuminate/Database/Eloquent/Factories/Factory.php(333): Illuminate\\Support\\Collection->each()
#14 /home/haseeb/What Else/AdminPanel/vendor/laravel/framework/src/Illuminate/Database/Eloquent/Factories/Factory.php(287): Illuminate\\Database\\Eloquent\\Factories\\Factory->store()
#15 /home/haseeb/What Else/AdminPanel/vendor/laravel/framework/src/Illuminate/Database/Eloquent/Factories/Factory.php(281): Illuminate\\Database\\Eloquent\\Factories\\Factory->create()
#16 /home/haseeb/What Else/AdminPanel/database/seeders/DatabaseSeeder.php(21): Illuminate\\Database\\Eloquent\\Factories\\Factory->create()
#17 /home/haseeb/What Else/AdminPanel/vendor/laravel/framework/src/Illuminate/Container/BoundMethod.php(36): Database\\Seeders\\DatabaseSeeder->run()
#18 /home/haseeb/What Else/AdminPanel/vendor/laravel/framework/src/Illuminate/Container/Util.php(41): Illuminate\\Container\\BoundMethod::Illuminate\\Container\\{closure}()
#19 /home/haseeb/What Else/AdminPanel/vendor/laravel/framework/src/Illuminate/Container/BoundMethod.php(93): Illuminate\\Container\\Util::unwrapIfClosure()
#20 /home/haseeb/What Else/AdminPanel/vendor/laravel/framework/src/Illuminate/Container/BoundMethod.php(35): Illuminate\\Container\\BoundMethod::callBoundMethod()
#21 /home/haseeb/What Else/AdminPanel/vendor/laravel/framework/src/Illuminate/Container/Container.php(662): Illuminate\\Container\\BoundMethod::call()
#22 /home/haseeb/What Else/AdminPanel/vendor/laravel/framework/src/Illuminate/Database/Seeder.php(184): Illuminate\\Container\\Container->call()
#23 /home/haseeb/What Else/AdminPanel/vendor/laravel/framework/src/Illuminate/Database/Seeder.php(193): Illuminate\\Database\\Seeder->Illuminate\\Database\\{closure}()
#24 /home/haseeb/What Else/AdminPanel/vendor/laravel/framework/src/Illuminate/Database/Console/Seeds/SeedCommand.php(70): Illuminate\\Database\\Seeder->__invoke()
#25 /home/haseeb/What Else/AdminPanel/vendor/laravel/framework/src/Illuminate/Database/Eloquent/Concerns/GuardsAttributes.php(155): Illuminate\\Database\\Console\\Seeds\\SeedCommand->Illuminate\\Database\\Console\\Seeds\\{closure}()
#26 /home/haseeb/What Else/AdminPanel/vendor/laravel/framework/src/Illuminate/Database/Console/Seeds/SeedCommand.php(69): Illuminate\\Database\\Eloquent\\Model::unguarded()
#27 /home/haseeb/What Else/AdminPanel/vendor/laravel/framework/src/Illuminate/Container/BoundMethod.php(36): Illuminate\\Database\\Console\\Seeds\\SeedCommand->handle()
#28 /home/haseeb/What Else/AdminPanel/vendor/laravel/framework/src/Illuminate/Container/Util.php(41): Illuminate\\Container\\BoundMethod::Illuminate\\Container\\{closure}()
#29 /home/haseeb/What Else/AdminPanel/vendor/laravel/framework/src/Illuminate/Container/BoundMethod.php(93): Illuminate\\Container\\Util::unwrapIfClosure()
#30 /home/haseeb/What Else/AdminPanel/vendor/laravel/framework/src/Illuminate/Container/BoundMethod.php(35): Illuminate\\Container\\BoundMethod::callBoundMethod()
#31 /home/haseeb/What Else/AdminPanel/vendor/laravel/framework/src/Illuminate/Container/Container.php(662): Illuminate\\Container\\BoundMethod::call()
#32 /home/haseeb/What Else/AdminPanel/vendor/laravel/framework/src/Illuminate/Console/Command.php(212): Illuminate\\Container\\Container->call()
#33 /home/haseeb/What Else/AdminPanel/vendor/symfony/console/Command/Command.php(279): Illuminate\\Console\\Command->execute()
#34 /home/haseeb/What Else/AdminPanel/vendor/laravel/framework/src/Illuminate/Console/Command.php(181): Symfony\\Component\\Console\\Command\\Command->run()
#35 /home/haseeb/What Else/AdminPanel/vendor/symfony/console/Application.php(1049): Illuminate\\Console\\Command->run()
#36 /home/haseeb/What Else/AdminPanel/vendor/symfony/console/Application.php(318): Symfony\\Component\\Console\\Application->doRunCommand()
#37 /home/haseeb/What Else/AdminPanel/vendor/symfony/console/Application.php(169): Symfony\\Component\\Console\\Application->doRun()
#38 /home/haseeb/What Else/AdminPanel/vendor/laravel/framework/src/Illuminate/Foundation/Console/Kernel.php(196): Symfony\\Component\\Console\\Application->run()
#39 /home/haseeb/What Else/AdminPanel/vendor/laravel/framework/src/Illuminate/Foundation/Application.php(1183): Illuminate\\Foundation\\Console\\Kernel->handle()
#40 /home/haseeb/What Else/AdminPanel/artisan(13): Illuminate\\Foundation\\Application->handleCommand()
#41 {main}
"} 
[2024-04-17 20:20:03] local.ERROR: SQLSTATE[23000]: Integrity constraint violation: 1062 Duplicate entry 'h@h.com' for key 'users_email_unique' (Connection: mysql, SQL: insert into `users` (`name`, `email`, `email_verified_at`, `password`, `remember_token`, `updated_at`, `created_at`) values (Haseeb, h@h.com, 2024-04-17 20:20:03, $2y$12$1IvE4sPZ2WKQ70Xs1n49dutCNcE/GbWQaYzNZOm84Cz/F5zpMDTF2, 53qlR0iIB2, 2024-04-17 20:20:03, 2024-04-17 20:20:03)) {"exception":"[object] (Illuminate\\Database\\UniqueConstraintViolationException(code: 23000): SQLSTATE[23000]: Integrity constraint violation: 1062 Duplicate entry 'h@h.com' for key 'users_email_unique' (Connection: mysql, SQL: insert into `users` (`name`, `email`, `email_verified_at`, `password`, `remember_token`, `updated_at`, `created_at`) values (Haseeb, h@h.com, 2024-04-17 20:20:03, $2y$12$1IvE4sPZ2WKQ70Xs1n49dutCNcE/GbWQaYzNZOm84Cz/F5zpMDTF2, 53qlR0iIB2, 2024-04-17 20:20:03, 2024-04-17 20:20:03)) at /home/haseeb/What Else/AdminPanel/vendor/laravel/framework/src/Illuminate/Database/Connection.php:808)
[stacktrace]
#0 /home/haseeb/What Else/AdminPanel/vendor/laravel/framework/src/Illuminate/Database/Connection.php(767): Illuminate\\Database\\Connection->runQueryCallback()
#1 /home/haseeb/What Else/AdminPanel/vendor/laravel/framework/src/Illuminate/Database/Connection.php(560): Illuminate\\Database\\Connection->run()
#2 /home/haseeb/What Else/AdminPanel/vendor/laravel/framework/src/Illuminate/Database/Connection.php(524): Illuminate\\Database\\Connection->statement()
#3 /home/haseeb/What Else/AdminPanel/vendor/laravel/framework/src/Illuminate/Database/Query/Processors/Processor.php(32): Illuminate\\Database\\Connection->insert()
#4 /home/haseeb/What Else/AdminPanel/vendor/laravel/framework/src/Illuminate/Database/Query/Builder.php(3560): Illuminate\\Database\\Query\\Processors\\Processor->processInsertGetId()
#5 /home/haseeb/What Else/AdminPanel/vendor/laravel/framework/src/Illuminate/Database/Eloquent/Builder.php(1971): Illuminate\\Database\\Query\\Builder->insertGetId()
#6 /home/haseeb/What Else/AdminPanel/vendor/laravel/framework/src/Illuminate/Database/Eloquent/Model.php(1338): Illuminate\\Database\\Eloquent\\Builder->__call()
#7 /home/haseeb/What Else/AdminPanel/vendor/laravel/framework/src/Illuminate/Database/Eloquent/Model.php(1303): Illuminate\\Database\\Eloquent\\Model->insertAndSetId()
#8 /home/haseeb/What Else/AdminPanel/vendor/laravel/framework/src/Illuminate/Database/Eloquent/Model.php(1142): Illuminate\\Database\\Eloquent\\Model->performInsert()
#9 /home/haseeb/What Else/AdminPanel/vendor/laravel/framework/src/Illuminate/Database/Eloquent/Factories/Factory.php(338): Illuminate\\Database\\Eloquent\\Model->save()
#10 /home/haseeb/What Else/AdminPanel/vendor/laravel/framework/src/Illuminate/Collections/Traits/EnumeratesValues.php(236): Illuminate\\Database\\Eloquent\\Factories\\Factory->Illuminate\\Database\\Eloquent\\Factories\\{closure}()
#11 /home/haseeb/What Else/AdminPanel/vendor/laravel/framework/src/Illuminate/Database/Eloquent/Factories/Factory.php(333): Illuminate\\Support\\Collection->each()
#12 /home/haseeb/What Else/AdminPanel/vendor/laravel/framework/src/Illuminate/Database/Eloquent/Factories/Factory.php(287): Illuminate\\Database\\Eloquent\\Factories\\Factory->store()
#13 /home/haseeb/What Else/AdminPanel/vendor/laravel/framework/src/Illuminate/Database/Eloquent/Factories/Factory.php(281): Illuminate\\Database\\Eloquent\\Factories\\Factory->create()
#14 /home/haseeb/What Else/AdminPanel/database/seeders/DatabaseSeeder.php(21): Illuminate\\Database\\Eloquent\\Factories\\Factory->create()
#15 /home/haseeb/What Else/AdminPanel/vendor/laravel/framework/src/Illuminate/Container/BoundMethod.php(36): Database\\Seeders\\DatabaseSeeder->run()
#16 /home/haseeb/What Else/AdminPanel/vendor/laravel/framework/src/Illuminate/Container/Util.php(41): Illuminate\\Container\\BoundMethod::Illuminate\\Container\\{closure}()
#17 /home/haseeb/What Else/AdminPanel/vendor/laravel/framework/src/Illuminate/Container/BoundMethod.php(93): Illuminate\\Container\\Util::unwrapIfClosure()
#18 /home/haseeb/What Else/AdminPanel/vendor/laravel/framework/src/Illuminate/Container/BoundMethod.php(35): Illuminate\\Container\\BoundMethod::callBoundMethod()
#19 /home/haseeb/What Else/AdminPanel/vendor/laravel/framework/src/Illuminate/Container/Container.php(662): Illuminate\\Container\\BoundMethod::call()
#20 /home/haseeb/What Else/AdminPanel/vendor/laravel/framework/src/Illuminate/Database/Seeder.php(184): Illuminate\\Container\\Container->call()
#21 /home/haseeb/What Else/AdminPanel/vendor/laravel/framework/src/Illuminate/Database/Seeder.php(193): Illuminate\\Database\\Seeder->Illuminate\\Database\\{closure}()
#22 /home/haseeb/What Else/AdminPanel/vendor/laravel/framework/src/Illuminate/Database/Console/Seeds/SeedCommand.php(70): Illuminate\\Database\\Seeder->__invoke()
#23 /home/haseeb/What Else/AdminPanel/vendor/laravel/framework/src/Illuminate/Database/Eloquent/Concerns/GuardsAttributes.php(155): Illuminate\\Database\\Console\\Seeds\\SeedCommand->Illuminate\\Database\\Console\\Seeds\\{closure}()
#24 /home/haseeb/What Else/AdminPanel/vendor/laravel/framework/src/Illuminate/Database/Console/Seeds/SeedCommand.php(69): Illuminate\\Database\\Eloquent\\Model::unguarded()
#25 /home/haseeb/What Else/AdminPanel/vendor/laravel/framework/src/Illuminate/Container/BoundMethod.php(36): Illuminate\\Database\\Console\\Seeds\\SeedCommand->handle()
#26 /home/haseeb/What Else/AdminPanel/vendor/laravel/framework/src/Illuminate/Container/Util.php(41): Illuminate\\Container\\BoundMethod::Illuminate\\Container\\{closure}()
#27 /home/haseeb/What Else/AdminPanel/vendor/laravel/framework/src/Illuminate/Container/BoundMethod.php(93): Illuminate\\Container\\Util::unwrapIfClosure()
#28 /home/haseeb/What Else/AdminPanel/vendor/laravel/framework/src/Illuminate/Container/BoundMethod.php(35): Illuminate\\Container\\BoundMethod::callBoundMethod()
#29 /home/haseeb/What Else/AdminPanel/vendor/laravel/framework/src/Illuminate/Container/Container.php(662): Illuminate\\Container\\BoundMethod::call()
#30 /home/haseeb/What Else/AdminPanel/vendor/laravel/framework/src/Illuminate/Console/Command.php(212): Illuminate\\Container\\Container->call()
#31 /home/haseeb/What Else/AdminPanel/vendor/symfony/console/Command/Command.php(279): Illuminate\\Console\\Command->execute()
#32 /home/haseeb/What Else/AdminPanel/vendor/laravel/framework/src/Illuminate/Console/Command.php(181): Symfony\\Component\\Console\\Command\\Command->run()
#33 /home/haseeb/What Else/AdminPanel/vendor/symfony/console/Application.php(1049): Illuminate\\Console\\Command->run()
#34 /home/haseeb/What Else/AdminPanel/vendor/symfony/console/Application.php(318): Symfony\\Component\\Console\\Application->doRunCommand()
#35 /home/haseeb/What Else/AdminPanel/vendor/symfony/console/Application.php(169): Symfony\\Component\\Console\\Application->doRun()
#36 /home/haseeb/What Else/AdminPanel/vendor/laravel/framework/src/Illuminate/Foundation/Console/Kernel.php(196): Symfony\\Component\\Console\\Application->run()
#37 /home/haseeb/What Else/AdminPanel/vendor/laravel/framework/src/Illuminate/Foundation/Application.php(1183): Illuminate\\Foundation\\Console\\Kernel->handle()
#38 /home/haseeb/What Else/AdminPanel/artisan(13): Illuminate\\Foundation\\Application->handleCommand()
#39 {main}

[previous exception] [object] (PDOException(code: 23000): SQLSTATE[23000]: Integrity constraint violation: 1062 Duplicate entry 'h@h.com' for key 'users_email_unique' at /home/haseeb/What Else/AdminPanel/vendor/laravel/framework/src/Illuminate/Database/Connection.php:571)
[stacktrace]
#0 /home/haseeb/What Else/AdminPanel/vendor/laravel/framework/src/Illuminate/Database/Connection.php(571): PDOStatement->execute()
#1 /home/haseeb/What Else/AdminPanel/vendor/laravel/framework/src/Illuminate/Database/Connection.php(800): Illuminate\\Database\\Connection->Illuminate\\Database\\{closure}()
#2 /home/haseeb/What Else/AdminPanel/vendor/laravel/framework/src/Illuminate/Database/Connection.php(767): Illuminate\\Database\\Connection->runQueryCallback()
#3 /home/haseeb/What Else/AdminPanel/vendor/laravel/framework/src/Illuminate/Database/Connection.php(560): Illuminate\\Database\\Connection->run()
#4 /home/haseeb/What Else/AdminPanel/vendor/laravel/framework/src/Illuminate/Database/Connection.php(524): Illuminate\\Database\\Connection->statement()
#5 /home/haseeb/What Else/AdminPanel/vendor/laravel/framework/src/Illuminate/Database/Query/Processors/Processor.php(32): Illuminate\\Database\\Connection->insert()
#6 /home/haseeb/What Else/AdminPanel/vendor/laravel/framework/src/Illuminate/Database/Query/Builder.php(3560): Illuminate\\Database\\Query\\Processors\\Processor->processInsertGetId()
#7 /home/haseeb/What Else/AdminPanel/vendor/laravel/framework/src/Illuminate/Database/Eloquent/Builder.php(1971): Illuminate\\Database\\Query\\Builder->insertGetId()
#8 /home/haseeb/What Else/AdminPanel/vendor/laravel/framework/src/Illuminate/Database/Eloquent/Model.php(1338): Illuminate\\Database\\Eloquent\\Builder->__call()
#9 /home/haseeb/What Else/AdminPanel/vendor/laravel/framework/src/Illuminate/Database/Eloquent/Model.php(1303): Illuminate\\Database\\Eloquent\\Model->insertAndSetId()
#10 /home/haseeb/What Else/AdminPanel/vendor/laravel/framework/src/Illuminate/Database/Eloquent/Model.php(1142): Illuminate\\Database\\Eloquent\\Model->performInsert()
#11 /home/haseeb/What Else/AdminPanel/vendor/laravel/framework/src/Illuminate/Database/Eloquent/Factories/Factory.php(338): Illuminate\\Database\\Eloquent\\Model->save()
#12 /home/haseeb/What Else/AdminPanel/vendor/laravel/framework/src/Illuminate/Collections/Traits/EnumeratesValues.php(236): Illuminate\\Database\\Eloquent\\Factories\\Factory->Illuminate\\Database\\Eloquent\\Factories\\{closure}()
#13 /home/haseeb/What Else/AdminPanel/vendor/laravel/framework/src/Illuminate/Database/Eloquent/Factories/Factory.php(333): Illuminate\\Support\\Collection->each()
#14 /home/haseeb/What Else/AdminPanel/vendor/laravel/framework/src/Illuminate/Database/Eloquent/Factories/Factory.php(287): Illuminate\\Database\\Eloquent\\Factories\\Factory->store()
#15 /home/haseeb/What Else/AdminPanel/vendor/laravel/framework/src/Illuminate/Database/Eloquent/Factories/Factory.php(281): Illuminate\\Database\\Eloquent\\Factories\\Factory->create()
#16 /home/haseeb/What Else/AdminPanel/database/seeders/DatabaseSeeder.php(21): Illuminate\\Database\\Eloquent\\Factories\\Factory->create()
#17 /home/haseeb/What Else/AdminPanel/vendor/laravel/framework/src/Illuminate/Container/BoundMethod.php(36): Database\\Seeders\\DatabaseSeeder->run()
#18 /home/haseeb/What Else/AdminPanel/vendor/laravel/framework/src/Illuminate/Container/Util.php(41): Illuminate\\Container\\BoundMethod::Illuminate\\Container\\{closure}()
#19 /home/haseeb/What Else/AdminPanel/vendor/laravel/framework/src/Illuminate/Container/BoundMethod.php(93): Illuminate\\Container\\Util::unwrapIfClosure()
#20 /home/haseeb/What Else/AdminPanel/vendor/laravel/framework/src/Illuminate/Container/BoundMethod.php(35): Illuminate\\Container\\BoundMethod::callBoundMethod()
#21 /home/haseeb/What Else/AdminPanel/vendor/laravel/framework/src/Illuminate/Container/Container.php(662): Illuminate\\Container\\BoundMethod::call()
#22 /home/haseeb/What Else/AdminPanel/vendor/laravel/framework/src/Illuminate/Database/Seeder.php(184): Illuminate\\Container\\Container->call()
#23 /home/haseeb/What Else/AdminPanel/vendor/laravel/framework/src/Illuminate/Database/Seeder.php(193): Illuminate\\Database\\Seeder->Illuminate\\Database\\{closure}()
#24 /home/haseeb/What Else/AdminPanel/vendor/laravel/framework/src/Illuminate/Database/Console/Seeds/SeedCommand.php(70): Illuminate\\Database\\Seeder->__invoke()
#25 /home/haseeb/What Else/AdminPanel/vendor/laravel/framework/src/Illuminate/Database/Eloquent/Concerns/GuardsAttributes.php(155): Illuminate\\Database\\Console\\Seeds\\SeedCommand->Illuminate\\Database\\Console\\Seeds\\{closure}()
#26 /home/haseeb/What Else/AdminPanel/vendor/laravel/framework/src/Illuminate/Database/Console/Seeds/SeedCommand.php(69): Illuminate\\Database\\Eloquent\\Model::unguarded()
#27 /home/haseeb/What Else/AdminPanel/vendor/laravel/framework/src/Illuminate/Container/BoundMethod.php(36): Illuminate\\Database\\Console\\Seeds\\SeedCommand->handle()
#28 /home/haseeb/What Else/AdminPanel/vendor/laravel/framework/src/Illuminate/Container/Util.php(41): Illuminate\\Container\\BoundMethod::Illuminate\\Container\\{closure}()
#29 /home/haseeb/What Else/AdminPanel/vendor/laravel/framework/src/Illuminate/Container/BoundMethod.php(93): Illuminate\\Container\\Util::unwrapIfClosure()
#30 /home/haseeb/What Else/AdminPanel/vendor/laravel/framework/src/Illuminate/Container/BoundMethod.php(35): Illuminate\\Container\\BoundMethod::callBoundMethod()
#31 /home/haseeb/What Else/AdminPanel/vendor/laravel/framework/src/Illuminate/Container/Container.php(662): Illuminate\\Container\\BoundMethod::call()
#32 /home/haseeb/What Else/AdminPanel/vendor/laravel/framework/src/Illuminate/Console/Command.php(212): Illuminate\\Container\\Container->call()
#33 /home/haseeb/What Else/AdminPanel/vendor/symfony/console/Command/Command.php(279): Illuminate\\Console\\Command->execute()
#34 /home/haseeb/What Else/AdminPanel/vendor/laravel/framework/src/Illuminate/Console/Command.php(181): Symfony\\Component\\Console\\Command\\Command->run()
#35 /home/haseeb/What Else/AdminPanel/vendor/symfony/console/Application.php(1049): Illuminate\\Console\\Command->run()
#36 /home/haseeb/What Else/AdminPanel/vendor/symfony/console/Application.php(318): Symfony\\Component\\Console\\Application->doRunCommand()
#37 /home/haseeb/What Else/AdminPanel/vendor/symfony/console/Application.php(169): Symfony\\Component\\Console\\Application->doRun()
#38 /home/haseeb/What Else/AdminPanel/vendor/laravel/framework/src/Illuminate/Foundation/Console/Kernel.php(196): Symfony\\Component\\Console\\Application->run()
#39 /home/haseeb/What Else/AdminPanel/vendor/laravel/framework/src/Illuminate/Foundation/Application.php(1183): Illuminate\\Foundation\\Console\\Kernel->handle()
#40 /home/haseeb/What Else/AdminPanel/artisan(13): Illuminate\\Foundation\\Application->handleCommand()
#41 {main}
"} 
